\BOOKMARK [1][-]{section.1}{1. Introduction}{}% 1
\BOOKMARK [1][-]{section.2}{2. Dao Concept}{}% 2
\BOOKMARK [1][-]{section.3}{3. Notation}{}% 3
\BOOKMARK [1][-]{section.4}{4. Majority robs minority attack}{}% 4
\BOOKMARK [1][-]{section.5}{5. Token Price}{}% 5
\BOOKMARK [1][-]{section.6}{6. Contracts}{}% 6
\BOOKMARK [2][-]{subsection.6.1}{6.1. Token}{section.6}% 7
\BOOKMARK [2][-]{subsection.6.2}{6.2. TokenCreation}{section.6}% 8
\BOOKMARK [2][-]{subsection.6.3}{6.3. DAO}{section.6}% 9
\BOOKMARK [2][-]{subsection.6.4}{6.4. Managed Account}{section.6}% 10
\BOOKMARK [1][-]{section.7}{7. Reward Tokens}{}% 11
\BOOKMARK [1][-]{section.8}{8. Split}{}% 12
\BOOKMARK [1][-]{section.9}{9. Updates}{}% 13
\BOOKMARK [1][-]{section.10}{10. Acknowledgements}{}% 14
\BOOKMARK [1][-]{section*.25}{References}{}% 15
\BOOKMARK [1][-]{appendix.A}{Appendix A. Contracts}{}% 16
\BOOKMARK [2][-]{subsection.A.1}{A.1. Token}{appendix.A}% 17
\BOOKMARK [2][-]{subsection.A.2}{A.2. TokenCreation}{appendix.A}% 18
\BOOKMARK [2][-]{subsection.A.3}{A.3. DAO}{appendix.A}% 19
\BOOKMARK [2][-]{subsection.A.4}{A.4. Sample Offer}{appendix.A}% 20
\BOOKMARK [2][-]{subsection.A.5}{A.5. Managed Account}{appendix.A}% 21
